2025-11-02 20:58:57.648: [INFO] VisibilityChanged: 0
2025-11-02 20:58:57.688: [INFO] RecordSyncInitDuration has_sync_been_enabled: 0 state: 0
2025-11-02 20:58:57.690: [INFO] RecordSyncInitDuration has_sync_been_enabled: 0 state: 0
2025-11-02 20:58:57.691: [INFO] RecordSyncInitDuration has_sync_been_enabled: 0 state: 0
2025-11-02 20:58:57.691: [INFO] RecordSyncInitDuration has_sync_been_enabled: 0 state: 0
2025-11-02 20:58:57.692: [INFO] RecordSyncInitDuration has_sync_been_enabled: 0 state: 0
2025-11-02 20:58:57.694: [INFO] RecordSyncInitDuration has_sync_been_enabled: 0 state: 0
2025-11-02 20:58:57.695: [INFO] RecordSyncInitDuration has_sync_been_enabled: 0 state: 0
2025-11-02 20:58:57.695: [INFO] RecordSyncInitDuration has_sync_been_enabled: 0 state: 0
2025-11-02 20:58:57.697: [INFO] RecordSyncInitDuration has_sync_been_enabled: 0 state: 0
2025-11-02 20:58:57.698: [INFO] RecordSyncInitDuration has_sync_been_enabled: 0 state: 0
2025-11-02 20:58:57.699: [INFO] RecordSyncInitDuration has_sync_been_enabled: 0 state: 0
2025-11-02 20:58:57.709: [INFO] BookmarkModelLoaded, ids_reassigned: 0
2025-11-02 20:58:57.709: [INFO] OnDoneLoading sync enabled: 0
2025-11-02 20:58:57.762: [INFO] RecordSyncInitDuration has_sync_been_enabled: 0 state: 0
2025-11-02 20:58:58.102: [INFO] RecordSyncInitDuration has_sync_been_enabled: 0 state: 3
2025-11-02 20:58:58.107: [INFO] Primary account changed.
2025-11-02 20:58:58.107: [INFO] OnPrimaryAccountChanged PrimaryAccountChangeEvent::Type::kSet
2025-11-02 20:58:58.111: [INFO] RecordSyncInitDuration has_sync_been_enabled: 0 state: 3
2025-11-02 20:58:58.281: [INFO] RecordSyncInitDuration has_sync_been_enabled: 0 state: 3
2025-11-02 20:59:00.598: [INFO] Sync initialization duration: 2171ms
