{"logTime": "1102/205859", "correlationVector":"FI39QQXLkp7D3OKNP6pDzK.1","action":"SyncServerConnectionManagerRequest", "result":"SYNC_SERVER_OK", "context":{"environment":"Prod_brazilsouth_prod-s01-001-sam-brazilsouth", "migrationStage":"NotStarted", "server":"akswtt220000020"}}
{"logTime": "1102/205859", "correlationVector":"FI39QQXLkp7D3OKNP6pDzK.2","action":"ProcessGetUpdates", "result":"Done", "context":{"dataType":"Encryption Keys", "deleted":"0", "process_failed_to_decrypt":"0", "process_pending_decryption":"0", "process_success":"1", "total":"1"}}
{"logTime": "1102/205859", "correlationVector":"FHrOTchW6/i+aPqbSE8eCx","action":"SyncServerConnectionManagerRequest", "result":"SYNC_SERVER_OK", "context":{"environment":"", "migrationStage":"", "server":""}}
{"logTime": "1102/205859", "correlationVector":"FHrOTchW6/i+aPqbSE8eCx.0","action":"EncryptionKeysFetcher.DownloadKeys:", "result":"Success", "context":Key count: 10, Last key timestamp: 2025-06-02T01:35:21Z}
{"logTime": "1102/205859", "correlationVector":"FHrOTchW6/i+aPqbSE8eCx.1","action":"EncryptionKeysManager::SetEncryptionKeys:", "result":"Success", "context":Key names[10]:[f7n90YsiXQpEb6QavGi7OcWo81DTnF7hIy/tvnYWW39vKD075cOfbUvkWSOxkGjJRSkXz3fkcrEXTAR1tkgvYA==][cuVsK91zXF+AdL0Y1l+kjKftc3juo7fTLoRWydmS19vT2PWrWgOsZKGP8yYhpngbcUVPP8a/VINvnyv0rNgTuQ==][MbpA4wKzmeoQiIX5kiNkwBEXu7iobvqShYSpIc+Kng7qD/KuhAP1rUhnh3iCTc2BxJzcOb+/CYq23mlrSPI7lQ==][Ezto7pdAab/fHu6LEJdWJxvvyqdORd6voIUaxCPVe6Vf3RQGcX8C+aI1N7K2fwXgsSkN1jad6T/rtEzV0V8bWQ==][rhfQTKyV3qM7q7JbwqGIDhKGXUbTOPE19bXNydqhQPKv0fY9CeNK0Brmuwa0tIMKSBirDuD2ebWfbfGUU40Frg==][uQWu0ilGrS+c/0yDU9LYlRSEfpDZApg+RtL6fhmmuncUTIQPeLSr3CfLcxHJZYCbMKeTr+yn5obOJISBXb48BA==][iZE9254V6+URVYCMknuUnvny1g5i4PaGBzI4+Wa7kLWwne7qyllMGVy/gb+Z7f0oUR3yhQhu7nnabYmbH5HlTQ==][BZhQOcjWgHrvK1GLAQaqsHmuwFHHGJUm42hqPInlS/lDOdJXNXeaSwxFXqZA5sUZhIvIc7eQjnzsjJBrmPZ8FA==][3eX4ap27tu398P77ZGZRbYBlRBc3fo2tulqHLdYJoW1j5Gaz2Bzo5E1oAp3cJXAd+4AMRav7e9n+x+ZkOVPexA==][IPTcCR/+p6mJk+TZ1mgI5FvIROmAM/KWBxw0AqgP5cF5S6BdjQuPe1ZMXZ6naj9SfuPBGLaYDxbkLsWaindsGw==]}
{"logTime": "1102/205859", "correlationVector":"FHrOTchW6/i+aPqbSE8eCx.2","action":"EncryptionKeysManager::SetEncryptionKeysWithTimestamps:", "result":"Success", "context":Key timestamps[10]:[2023-04-06T17:01:15Z][2023-10-18T09:09:50Z][2024-05-20T00:25:33Z][2024-11-05T18:20:41Z][2024-12-14T12:06:43Z][2024-12-24T08:38:25Z][2024-12-30T05:14:24Z][2025-03-12T22:32:31Z][2025-03-18T17:02:05Z][2025-06-02T01:35:21Z]}
{"logTime": "1102/205859", "correlationVector":"FI39QQXLkp7D3OKNP6pDzK","action":"Initial GetUpdates", "result":"", "context":Reason: NEW_CLIENT. cV=FI39QQXLkp7D3OKNP6pDzK}
{"logTime": "1102/205859", "correlationVector":"FI39QQXLkp7D3OKNP6pDzK.3","action":"GetUpdates Response", "result":"Success", "context":Received 1 update(s). cV=FI39QQXLkp7D3OKNP6pDzK.0;server=akswtt220000020;cloudType=Consumer;environment=Prod_brazilsouth_prod-s01-001-sam-brazilsouth;migrationStage=NotStarted}
{"logTime": "1102/205859", "correlationVector":"ipgxPeqYEwyoqeh/WyMS8o","action":"Initial GetUpdates", "result":"", "context":Reason: NEWLY_SUPPORTED_DATATYPE. cV=ipgxPeqYEwyoqeh/WyMS8o}
{"logTime": "1102/205900", "correlationVector":"ipgxPeqYEwyoqeh/WyMS8o.1","action":"SyncServerConnectionManagerRequest", "result":"SYNC_SERVER_OK", "context":{"environment":"Prod_brazilsouth_prod-s01-001-sam-brazilsouth", "migrationStage":"NotStarted", "server":"akswtt22000001s"}}
{"logTime": "1102/205900", "correlationVector":"ipgxPeqYEwyoqeh/WyMS8o.2","action":"ProcessGetUpdates", "result":"Done", "context":{"dataType":"Passwords", "deleted":"0", "process_failed_to_decrypt":"0", "process_pending_decryption":"0", "process_success":"4", "total":"4"}}
{"logTime": "1102/205900", "correlationVector":"ipgxPeqYEwyoqeh/WyMS8o.3","action":"GetUpdates Response", "result":"Success", "context":Received 4 update(s). cV=ipgxPeqYEwyoqeh/WyMS8o.0;server=akswtt22000001s;cloudType=Consumer;environment=Prod_brazilsouth_prod-s01-001-sam-brazilsouth;migrationStage=NotStarted}
{"logTime": "1102/205900", "correlationVector":"HYT7ulMq6UyWyiM0Ssnv+1","action":"Initial GetUpdates", "result":"", "context":Reason: NEWLY_SUPPORTED_DATATYPE. cV=HYT7ulMq6UyWyiM0Ssnv+1}
{"logTime": "1102/205900", "correlationVector":"HYT7ulMq6UyWyiM0Ssnv+1.1","action":"SyncServerConnectionManagerRequest", "result":"SYNC_SERVER_OK", "context":{"environment":"Prod_brazilsouth_prod-s01-001-sam-brazilsouth", "migrationStage":"NotStarted", "server":"akswtt22000001s"}}
{"logTime": "1102/205900", "correlationVector":"HYT7ulMq6UyWyiM0Ssnv+1.2","action":"ProcessGetUpdates", "result":"Done", "context":{"dataType":"Bookmarks", "deleted":"0", "process_failed_to_decrypt":"0", "process_pending_decryption":"0", "process_success":"6", "total":"6"}}
{"logTime": "1102/205900", "correlationVector":"HYT7ulMq6UyWyiM0Ssnv+1.3","action":"GetUpdates Response", "result":"Success", "context":Received 6 update(s). cV=HYT7ulMq6UyWyiM0Ssnv+1.0;server=akswtt22000001s;cloudType=Consumer;environment=Prod_brazilsouth_prod-s01-001-sam-brazilsouth;migrationStage=NotStarted}
{"logTime": "1102/205900", "correlationVector":"C6d76p0IrK2H7fg6v+1qJd","action":"Initial GetUpdates", "result":"", "context":Reason: NEWLY_SUPPORTED_DATATYPE. cV=C6d76p0IrK2H7fg6v+1qJd}
{"logTime": "1102/205900", "correlationVector":"C6d76p0IrK2H7fg6v+1qJd.1","action":"SyncServerConnectionManagerRequest", "result":"SYNC_SERVER_OK", "context":{"environment":"Prod_brazilsouth_prod-s01-001-sam-brazilsouth", "migrationStage":"NotStarted", "server":"akswtt220000029"}}
{"logTime": "1102/205900", "correlationVector":"C6d76p0IrK2H7fg6v+1qJd.2","action":"ProcessGetUpdates", "result":"Done", "context":{"dataType":"Autofill", "deleted":"0", "process_failed_to_decrypt":"0", "process_pending_decryption":"0", "process_success":"2", "total":"2"}}
{"logTime": "1102/205900", "correlationVector":"C6d76p0IrK2H7fg6v+1qJd.3","action":"GetUpdates Response", "result":"Success", "context":Received 2 update(s). cV=C6d76p0IrK2H7fg6v+1qJd.0;server=akswtt220000029;cloudType=Consumer;environment=Prod_brazilsouth_prod-s01-001-sam-brazilsouth;migrationStage=NotStarted}
{"logTime": "1102/205900", "correlationVector":"Fu/TpsKmrkQOjVhPJxt1v+","action":"Initial GetUpdates", "result":"", "context":Reason: NEWLY_SUPPORTED_DATATYPE. cV=Fu/TpsKmrkQOjVhPJxt1v+}
{"logTime": "1102/205900", "correlationVector":"Fu/TpsKmrkQOjVhPJxt1v+.1","action":"SyncServerConnectionManagerRequest", "result":"SYNC_SERVER_OK", "context":{"environment":"Prod_brazilsouth_prod-s01-001-sam-brazilsouth", "migrationStage":"NotStarted", "server":"akswtt22000001s"}}
{"logTime": "1102/205900", "correlationVector":"Fu/TpsKmrkQOjVhPJxt1v+.2","action":"ProcessGetUpdates", "result":"Done", "context":{"dataType":"History", "deleted":"0", "process_failed_to_decrypt":"0", "process_pending_decryption":"0", "process_success":"8", "total":"8"}}
{"logTime": "1102/205900", "correlationVector":"Fu/TpsKmrkQOjVhPJxt1v+.3","action":"GetUpdates Response", "result":"Success", "context":Received 8 update(s). cV=Fu/TpsKmrkQOjVhPJxt1v+.0;server=akswtt22000001s;cloudType=Consumer;environment=Prod_brazilsouth_prod-s01-001-sam-brazilsouth;migrationStage=NotStarted}
{"logTime": "1102/205900", "correlationVector":"o6zhR881ch6iAWSZQwyNfE","action":"Normal GetUpdate request", "result":"", "context":cV=o6zhR881ch6iAWSZQwyNfE
Refresh requested types: Bookmarks, Passwords, Autofill Profiles, Autofill, History, Edge Wallet, Encryption Keys}
{"logTime": "1102/205901", "correlationVector":"o6zhR881ch6iAWSZQwyNfE.1","action":"SyncServerConnectionManagerRequest", "result":"SYNC_SERVER_OK", "context":{"environment":"Prod_brazilsouth_prod-s01-001-sam-brazilsouth", "migrationStage":"NotStarted", "server":"akswtt22000001r"}}
{"logTime": "1102/205901", "correlationVector":"o6zhR881ch6iAWSZQwyNfE.2","action":"GetUpdates Response", "result":"Success", "context":Received 0 update(s). cV=o6zhR881ch6iAWSZQwyNfE.0;server=akswtt22000001r;cloudType=Consumer;environment=Prod_brazilsouth_prod-s01-001-sam-brazilsouth;migrationStage=NotStarted}
{"logTime": "1102/205901", "correlationVector":"RmGS7zglj13pwTgsqmKwLm","action":"DoCompareDataConsistency requsted types: ", "result":"Bookmarks, Passwords, History, Edge Wallet, Encryption Keys"}
{"logTime": "1102/205901", "correlationVector":"RmGS7zglj13pwTgsqmKwLm.0","action":"CompareDataConsistency result: ", "result":"Compare result: Encryption Keys is consistent. local entities count is: 1 local entities hash is: 7nkdYZs/dRxMumJNdAEAO/60dWM="}
{"logTime": "1102/205901", "correlationVector":"RmGS7zglj13pwTgsqmKwLm.1","action":"CompareDataConsistency result: ", "result":"Compare result: Bookmarks is consistent. local entities count is: 0 local entities hash is: "}
{"logTime": "1102/205901", "correlationVector":"RmGS7zglj13pwTgsqmKwLm.2","action":"CompareDataConsistency result: ", "result":"Server did not send this History local entities count is: 0 local entities hash is: "}
{"logTime": "1102/205901", "correlationVector":"RmGS7zglj13pwTgsqmKwLm.3","action":"CompareDataConsistency result: ", "result":"Compare result: Edge Wallet is consistent. local entities count is: 0 local entities hash is: "}
{"logTime": "1102/205901", "correlationVector":"RmGS7zglj13pwTgsqmKwLm.4","action":"CompareDataConsistency result: ", "result":"Compare result: Passwords is consistent. local entities count is: 4 local entities hash is: cfNhmx/3rCqiymmqN9s10rFCGwQ="}
{"logTime": "1102/205901", "correlationVector":"","action":"DIAGNOSTIC_REQUEST|v1/diagnosticData/Diagnostic.SendCheckResult()|SUCCESS", "result":""}
{"logTime": "1102/210005", "correlationVector":"EoFD6EhxY2piRqGzEwtgqq","action":"Commit Request", "result":"", "context":Item count: 3
Contributing types: History}
{"logTime": "1102/210006", "correlationVector":"EoFD6EhxY2piRqGzEwtgqq.1","action":"SyncServerConnectionManagerRequest", "result":"SYNC_SERVER_OK", "context":{"environment":"Prod_brazilsouth_prod-s01-001-sam-brazilsouth", "migrationStage":"NotStarted", "server":"akswtt22000003i"}}
{"logTime": "1102/210006", "correlationVector":"EoFD6EhxY2piRqGzEwtgqq.2","action":"Commit Response", "result":"Success", "context":Result: Success. cV=EoFD6EhxY2piRqGzEwtgqq.0;server=akswtt22000003i;cloudType=Consumer;environment=Prod_brazilsouth_prod-s01-001-sam-brazilsouth;migrationStage=NotStarted}
